[ 2020-05-30T09:44:29+08:00 ] 172.20.0.1 /
INFO: [ app_init ] --START--
INFO: Run Behavior\BuildLiteBehavior [ RunTime:0.000021s ]
INFO: [ app_init ] --END-- [ RunTime:0.000088s ]
INFO: [ app_begin ] --START--
INFO: Run Behavior\ReadHtmlCacheBehavior [ RunTime:0.001596s ]
INFO: [ app_begin ] --END-- [ RunTime:0.001656s ]
INFO: [ view_parse ] --START--
INFO: [ template_filter ] --START--
INFO: Run Behavior\ContentReplaceBehavior [ RunTime:0.000143s ]
INFO: [ template_filter ] --END-- [ RunTime:0.000203s ]
INFO: Run Behavior\ParseTemplateBehavior [ RunTime:0.032052s ]
INFO: [ view_parse ] --END-- [ RunTime:0.032110s ]
INFO: [ view_filter ] --START--
INFO: Run Behavior\WriteHtmlCacheBehavior [ RunTime:0.001406s ]
INFO: [ view_filter ] --END-- [ RunTime:0.001454s ]
INFO: [ app_end ] --START--
INFO: Run Behavior\ShowPageTraceBehavior [ RunTime:0.002219s ]
INFO: [ app_end ] --END-- [ RunTime:0.002464s ]

[ 2020-05-30T09:44:30+08:00 ] 172.20.0.1 /Public/Wap2/css/default_1.0/calendar.css
INFO: [ app_init ] --START--
INFO: Run Behavior\BuildLiteBehavior [ RunTime:0.000032s ]
INFO: [ app_init ] --END-- [ RunTime:0.000123s ]
INFO: [ app_begin ] --START--
INFO: Run Behavior\ReadHtmlCacheBehavior [ RunTime:0.003165s ]
INFO: [ app_begin ] --END-- [ RunTime:0.003286s ]
ERR: 无法加载控制器:Public
NOTIC: [2] include(): Filename cannot be empty /data/webroot/www/name/mobile/ThinkPHP/Library/Think/Think.class.php 第 314 行.
NOTIC: [2] include(): Failed opening '' for inclusion (include_path='.:/usr/local/php/lib/php') /data/webroot/www/name/mobile/ThinkPHP/Library/Think/Think.class.php 第 314 行.

[ 2020-05-30T09:44:30+08:00 ] 172.20.0.1 /Public/Wap2/js/default_1.0/wyqm.js?ver1
INFO: [ app_init ] --START--
INFO: Run Behavior\BuildLiteBehavior [ RunTime:0.000031s ]
INFO: [ app_init ] --END-- [ RunTime:0.000139s ]
INFO: [ app_begin ] --START--
INFO: Run Behavior\ReadHtmlCacheBehavior [ RunTime:0.001800s ]
INFO: [ app_begin ] --END-- [ RunTime:0.001978s ]
ERR: 无法加载控制器:Public
NOTIC: [2] include(): Filename cannot be empty /data/webroot/www/name/mobile/ThinkPHP/Library/Think/Think.class.php 第 314 行.
NOTIC: [2] include(): Failed opening '' for inclusion (include_path='.:/usr/local/php/lib/php') /data/webroot/www/name/mobile/ThinkPHP/Library/Think/Think.class.php 第 314 行.

[ 2020-05-30T09:44:30+08:00 ] 172.20.0.1 /Public/Wap2/images/default_1.0/bbb.png
INFO: [ app_init ] --START--
INFO: Run Behavior\BuildLiteBehavior [ RunTime:0.000021s ]
INFO: [ app_init ] --END-- [ RunTime:0.000105s ]

[ 2020-05-30T09:44:30+08:00 ] 172.20.0.1 /Public/Wap2/images/default_1.0/myorder.png
INFO: [ app_init ] --START--
INFO: Run Behavior\BuildLiteBehavior [ RunTime:0.000015s ]
INFO: [ app_init ] --END-- [ RunTime:0.000084s ]

[ 2020-05-30T09:44:30+08:00 ] 172.20.0.1 /Public/Wap2/images/default_1.0/gb.png
INFO: [ app_init ] --START--
INFO: Run Behavior\BuildLiteBehavior [ RunTime:0.000014s ]
INFO: [ app_init ] --END-- [ RunTime:0.000063s ]

[ 2020-05-30T09:44:30+08:00 ] 172.20.0.1 /Public/Wap2/images/default_3.0/newPieceIcon.png
INFO: [ app_init ] --START--
INFO: Run Behavior\BuildLiteBehavior [ RunTime:0.000018s ]
INFO: [ app_init ] --END-- [ RunTime:0.000130s ]

[ 2020-05-30T09:44:30+08:00 ] 172.20.0.1 /Public/Wap2/css/default_1.0/calendar.css
INFO: [ app_init ] --START--
INFO: Run Behavior\BuildLiteBehavior [ RunTime:0.000018s ]
INFO: [ app_init ] --END-- [ RunTime:0.000174s ]
INFO: [ app_begin ] --START--
INFO: Run Behavior\ReadHtmlCacheBehavior [ RunTime:0.000860s ]
INFO: [ app_begin ] --END-- [ RunTime:0.000930s ]
ERR: 无法加载控制器:Public
NOTIC: [2] include(): Filename cannot be empty /data/webroot/www/name/mobile/ThinkPHP/Library/Think/Think.class.php 第 314 行.
NOTIC: [2] include(): Failed opening '' for inclusion (include_path='.:/usr/local/php/lib/php') /data/webroot/www/name/mobile/ThinkPHP/Library/Think/Think.class.php 第 314 行.

[ 2020-05-30T09:44:30+08:00 ] 172.20.0.1 /Public/states/js/lib/layer/theme/default/layer.css?v=3.1.0
INFO: [ app_init ] --START--
INFO: Run Behavior\BuildLiteBehavior [ RunTime:0.000015s ]
INFO: [ app_init ] --END-- [ RunTime:0.000073s ]
INFO: [ app_begin ] --START--
INFO: Run Behavior\ReadHtmlCacheBehavior [ RunTime:0.000843s ]
INFO: [ app_begin ] --END-- [ RunTime:0.000957s ]
ERR: 无法加载控制器:Public
NOTIC: [2] include(): Filename cannot be empty /data/webroot/www/name/mobile/ThinkPHP/Library/Think/Think.class.php 第 314 行.
NOTIC: [2] include(): Failed opening '' for inclusion (include_path='.:/usr/local/php/lib/php') /data/webroot/www/name/mobile/ThinkPHP/Library/Think/Think.class.php 第 314 行.

[ 2020-05-30T09:44:30+08:00 ] 172.20.0.1 /Public/Wap2/js/default_1.0/wyqm.js?ver1
INFO: [ app_init ] --START--
INFO: Run Behavior\BuildLiteBehavior [ RunTime:0.000018s ]
INFO: [ app_init ] --END-- [ RunTime:0.000149s ]
INFO: [ app_begin ] --START--
INFO: Run Behavior\ReadHtmlCacheBehavior [ RunTime:0.000916s ]
INFO: [ app_begin ] --END-- [ RunTime:0.000967s ]
ERR: 无法加载控制器:Public
NOTIC: [2] include(): Filename cannot be empty /data/webroot/www/name/mobile/ThinkPHP/Library/Think/Think.class.php 第 314 行.
NOTIC: [2] include(): Failed opening '' for inclusion (include_path='.:/usr/local/php/lib/php') /data/webroot/www/name/mobile/ThinkPHP/Library/Think/Think.class.php 第 314 行.

[ 2020-05-30T09:44:30+08:00 ] 172.20.0.1 /text.txt
INFO: [ app_init ] --START--
INFO: Run Behavior\BuildLiteBehavior [ RunTime:0.000020s ]
INFO: [ app_init ] --END-- [ RunTime:0.000078s ]
INFO: [ app_begin ] --START--
INFO: Run Behavior\ReadHtmlCacheBehavior [ RunTime:0.000906s ]
INFO: [ app_begin ] --END-- [ RunTime:0.000973s ]
ERR: 无法加载控制器:Text.txt
NOTIC: [2] include(): Filename cannot be empty /data/webroot/www/name/mobile/ThinkPHP/Library/Think/Think.class.php 第 314 行.
NOTIC: [2] include(): Failed opening '' for inclusion (include_path='.:/usr/local/php/lib/php') /data/webroot/www/name/mobile/ThinkPHP/Library/Think/Think.class.php 第 314 行.

[ 2020-05-30T09:44:38+08:00 ] 172.20.0.1 /Public/Wap2/css/default_1.0/calendar.css
INFO: [ app_init ] --START--
INFO: Run Behavior\BuildLiteBehavior [ RunTime:0.000042s ]
INFO: [ app_init ] --END-- [ RunTime:0.000135s ]
INFO: [ app_begin ] --START--
INFO: Run Behavior\ReadHtmlCacheBehavior [ RunTime:0.001689s ]
INFO: [ app_begin ] --END-- [ RunTime:0.001803s ]
ERR: 无法加载控制器:Public
NOTIC: [2] include(): Filename cannot be empty /data/webroot/www/name/mobile/ThinkPHP/Library/Think/Think.class.php 第 314 行.
NOTIC: [2] include(): Failed opening '' for inclusion (include_path='.:/usr/local/php/lib/php') /data/webroot/www/name/mobile/ThinkPHP/Library/Think/Think.class.php 第 314 行.

[ 2020-05-30T09:44:38+08:00 ] 172.20.0.1 /Public/states/js/lib/layer/theme/default/layer.css?v=3.1.0
INFO: [ app_init ] --START--
INFO: Run Behavior\BuildLiteBehavior [ RunTime:0.000024s ]
INFO: [ app_init ] --END-- [ RunTime:0.000131s ]
INFO: [ app_begin ] --START--
INFO: Run Behavior\ReadHtmlCacheBehavior [ RunTime:0.000984s ]
INFO: [ app_begin ] --END-- [ RunTime:0.001058s ]
ERR: 无法加载控制器:Public
NOTIC: [2] include(): Filename cannot be empty /data/webroot/www/name/mobile/ThinkPHP/Library/Think/Think.class.php 第 314 行.
NOTIC: [2] include(): Failed opening '' for inclusion (include_path='.:/usr/local/php/lib/php') /data/webroot/www/name/mobile/ThinkPHP/Library/Think/Think.class.php 第 314 行.

[ 2020-05-30T09:44:38+08:00 ] 172.20.0.1 /Public/Home/js/maps/swiper.jquery.min.js.map
INFO: [ app_init ] --START--
INFO: Run Behavior\BuildLiteBehavior [ RunTime:0.000020s ]
INFO: [ app_init ] --END-- [ RunTime:0.000177s ]
INFO: [ app_begin ] --START--
INFO: Run Behavior\ReadHtmlCacheBehavior [ RunTime:0.001250s ]
INFO: [ app_begin ] --END-- [ RunTime:0.001357s ]
ERR: 无法加载控制器:Public
NOTIC: [2] include(): Filename cannot be empty /data/webroot/www/name/mobile/ThinkPHP/Library/Think/Think.class.php 第 314 行.
NOTIC: [2] include(): Failed opening '' for inclusion (include_path='.:/usr/local/php/lib/php') /data/webroot/www/name/mobile/ThinkPHP/Library/Think/Think.class.php 第 314 行.

[ 2020-05-30T09:44:43+08:00 ] 172.20.0.1 /
INFO: [ app_init ] --START--
INFO: Run Behavior\BuildLiteBehavior [ RunTime:0.000021s ]
INFO: [ app_init ] --END-- [ RunTime:0.000089s ]
INFO: [ app_begin ] --START--
INFO: Run Behavior\ReadHtmlCacheBehavior [ RunTime:0.001147s ]
INFO: [ app_begin ] --END-- [ RunTime:0.001235s ]
INFO: [ view_parse ] --START--
INFO: [ template_filter ] --START--
INFO: Run Behavior\ContentReplaceBehavior [ RunTime:0.000187s ]
INFO: [ template_filter ] --END-- [ RunTime:0.000269s ]
INFO: Run Behavior\ParseTemplateBehavior [ RunTime:0.030858s ]
INFO: [ view_parse ] --END-- [ RunTime:0.030957s ]
INFO: [ view_filter ] --START--
INFO: Run Behavior\WriteHtmlCacheBehavior [ RunTime:0.001387s ]
INFO: [ view_filter ] --END-- [ RunTime:0.001450s ]
INFO: [ app_end ] --START--
INFO: Run Behavior\ShowPageTraceBehavior [ RunTime:0.003295s ]
INFO: [ app_end ] --END-- [ RunTime:0.003784s ]

[ 2020-05-30T09:44:43+08:00 ] 172.20.0.1 /Public/Wap2/css/default_1.0/calendar.css
INFO: [ app_init ] --START--
INFO: Run Behavior\BuildLiteBehavior [ RunTime:0.000029s ]
INFO: [ app_init ] --END-- [ RunTime:0.000096s ]
INFO: [ app_begin ] --START--
INFO: Run Behavior\ReadHtmlCacheBehavior [ RunTime:0.001400s ]
INFO: [ app_begin ] --END-- [ RunTime:0.001480s ]
ERR: 无法加载控制器:Public
NOTIC: [2] include(): Filename cannot be empty /data/webroot/www/name/mobile/ThinkPHP/Library/Think/Think.class.php 第 314 行.
NOTIC: [2] include(): Failed opening '' for inclusion (include_path='.:/usr/local/php/lib/php') /data/webroot/www/name/mobile/ThinkPHP/Library/Think/Think.class.php 第 314 行.

[ 2020-05-30T09:44:43+08:00 ] 172.20.0.1 /Public/Home/js/maps/swiper.jquery.min.js.map
INFO: [ app_init ] --START--
INFO: Run Behavior\BuildLiteBehavior [ RunTime:0.000022s ]
INFO: [ app_init ] --END-- [ RunTime:0.000110s ]
INFO: [ app_begin ] --START--
INFO: Run Behavior\ReadHtmlCacheBehavior [ RunTime:0.001522s ]
INFO: [ app_begin ] --END-- [ RunTime:0.001592s ]
ERR: 无法加载控制器:Public
NOTIC: [2] include(): Filename cannot be empty /data/webroot/www/name/mobile/ThinkPHP/Library/Think/Think.class.php 第 314 行.
NOTIC: [2] include(): Failed opening '' for inclusion (include_path='.:/usr/local/php/lib/php') /data/webroot/www/name/mobile/ThinkPHP/Library/Think/Think.class.php 第 314 行.

[ 2020-05-30T09:44:44+08:00 ] 172.20.0.1 /Public/Wap2/images/default_1.0/myorder.png
INFO: [ app_init ] --START--
INFO: Run Behavior\BuildLiteBehavior [ RunTime:0.000021s ]
INFO: [ app_init ] --END-- [ RunTime:0.000105s ]

[ 2020-05-30T09:44:44+08:00 ] 172.20.0.1 /Public/Wap2/images/default_1.0/gb.png
INFO: [ app_init ] --START--
INFO: Run Behavior\BuildLiteBehavior [ RunTime:0.000017s ]
INFO: [ app_init ] --END-- [ RunTime:0.000099s ]

[ 2020-05-30T09:44:44+08:00 ] 172.20.0.1 /Public/Wap2/images/default_1.0/bbb.png
INFO: [ app_init ] --START--
INFO: Run Behavior\BuildLiteBehavior [ RunTime:0.000027s ]
INFO: [ app_init ] --END-- [ RunTime:0.000175s ]

[ 2020-05-30T09:44:44+08:00 ] 172.20.0.1 /Public/Wap2/images/default_3.0/newPieceIcon.png
INFO: [ app_init ] --START--
INFO: Run Behavior\BuildLiteBehavior [ RunTime:0.000022s ]
INFO: [ app_init ] --END-- [ RunTime:0.000151s ]

[ 2020-05-30T09:44:44+08:00 ] 172.20.0.1 /Public/Wap2/js/default_1.0/wyqm.js?ver1
INFO: [ app_init ] --START--
INFO: Run Behavior\BuildLiteBehavior [ RunTime:0.000020s ]
INFO: [ app_init ] --END-- [ RunTime:0.000175s ]
INFO: [ app_begin ] --START--
INFO: Run Behavior\ReadHtmlCacheBehavior [ RunTime:0.001623s ]
INFO: [ app_begin ] --END-- [ RunTime:0.001912s ]
ERR: 无法加载控制器:Public
NOTIC: [2] include(): Filename cannot be empty /data/webroot/www/name/mobile/ThinkPHP/Library/Think/Think.class.php 第 314 行.
NOTIC: [2] include(): Failed opening '' for inclusion (include_path='.:/usr/local/php/lib/php') /data/webroot/www/name/mobile/ThinkPHP/Library/Think/Think.class.php 第 314 行.

[ 2020-05-30T09:44:44+08:00 ] 172.20.0.1 /Public/Wap2/css/default_1.0/calendar.css
INFO: [ app_init ] --START--
INFO: Run Behavior\BuildLiteBehavior [ RunTime:0.000024s ]
INFO: [ app_init ] --END-- [ RunTime:0.000203s ]
INFO: [ app_begin ] --START--
INFO: Run Behavior\ReadHtmlCacheBehavior [ RunTime:0.001066s ]
INFO: [ app_begin ] --END-- [ RunTime:0.001142s ]
ERR: 无法加载控制器:Public
NOTIC: [2] include(): Filename cannot be empty /data/webroot/www/name/mobile/ThinkPHP/Library/Think/Think.class.php 第 314 行.
NOTIC: [2] include(): Failed opening '' for inclusion (include_path='.:/usr/local/php/lib/php') /data/webroot/www/name/mobile/ThinkPHP/Library/Think/Think.class.php 第 314 行.

[ 2020-05-30T09:44:44+08:00 ] 172.20.0.1 /Public/states/js/lib/layer/theme/default/layer.css?v=3.1.0
INFO: [ app_init ] --START--
INFO: Run Behavior\BuildLiteBehavior [ RunTime:0.000021s ]
INFO: [ app_init ] --END-- [ RunTime:0.000086s ]
INFO: [ app_begin ] --START--
INFO: Run Behavior\ReadHtmlCacheBehavior [ RunTime:0.001328s ]
INFO: [ app_begin ] --END-- [ RunTime:0.001403s ]
ERR: 无法加载控制器:Public
NOTIC: [2] include(): Filename cannot be empty /data/webroot/www/name/mobile/ThinkPHP/Library/Think/Think.class.php 第 314 行.
NOTIC: [2] include(): Failed opening '' for inclusion (include_path='.:/usr/local/php/lib/php') /data/webroot/www/name/mobile/ThinkPHP/Library/Think/Think.class.php 第 314 行.

[ 2020-05-30T09:44:44+08:00 ] 172.20.0.1 /Public/Wap2/js/default_1.0/wyqm.js?ver1
INFO: [ app_init ] --START--
INFO: Run Behavior\BuildLiteBehavior [ RunTime:0.000020s ]
INFO: [ app_init ] --END-- [ RunTime:0.000219s ]
INFO: [ app_begin ] --START--
INFO: Run Behavior\ReadHtmlCacheBehavior [ RunTime:0.001228s ]
INFO: [ app_begin ] --END-- [ RunTime:0.001443s ]
ERR: 无法加载控制器:Public
NOTIC: [2] include(): Filename cannot be empty /data/webroot/www/name/mobile/ThinkPHP/Library/Think/Think.class.php 第 314 行.
NOTIC: [2] include(): Failed opening '' for inclusion (include_path='.:/usr/local/php/lib/php') /data/webroot/www/name/mobile/ThinkPHP/Library/Think/Think.class.php 第 314 行.

[ 2020-05-30T09:44:44+08:00 ] 172.20.0.1 /text.txt
INFO: [ app_init ] --START--
INFO: Run Behavior\BuildLiteBehavior [ RunTime:0.000021s ]
INFO: [ app_init ] --END-- [ RunTime:0.000084s ]
INFO: [ app_begin ] --START--
INFO: Run Behavior\ReadHtmlCacheBehavior [ RunTime:0.001099s ]
INFO: [ app_begin ] --END-- [ RunTime:0.001192s ]
ERR: 无法加载控制器:Text.txt
NOTIC: [2] include(): Filename cannot be empty /data/webroot/www/name/mobile/ThinkPHP/Library/Think/Think.class.php 第 314 行.
NOTIC: [2] include(): Failed opening '' for inclusion (include_path='.:/usr/local/php/lib/php') /data/webroot/www/name/mobile/ThinkPHP/Library/Think/Think.class.php 第 314 行.

[ 2020-05-30T09:44:45+08:00 ] 172.20.0.1 /order/pchistory.html
INFO: [ app_init ] --START--
INFO: Run Behavior\BuildLiteBehavior [ RunTime:0.000021s ]
INFO: [ app_init ] --END-- [ RunTime:0.000084s ]
INFO: [ app_begin ] --START--
INFO: Run Behavior\ReadHtmlCacheBehavior [ RunTime:0.000887s ]
INFO: [ app_begin ] --END-- [ RunTime:0.000970s ]
INFO: [ view_parse ] --START--
INFO: [ template_filter ] --START--
INFO: Run Behavior\ContentReplaceBehavior [ RunTime:0.000048s ]
INFO: [ template_filter ] --END-- [ RunTime:0.000104s ]
INFO: Run Behavior\ParseTemplateBehavior [ RunTime:0.009465s ]
INFO: [ view_parse ] --END-- [ RunTime:0.009532s ]
INFO: [ view_filter ] --START--
INFO: Run Behavior\WriteHtmlCacheBehavior [ RunTime:0.000625s ]
INFO: [ view_filter ] --END-- [ RunTime:0.000696s ]
INFO: [ app_end ] --START--
INFO: Run Behavior\ShowPageTraceBehavior [ RunTime:0.000825s ]
INFO: [ app_end ] --END-- [ RunTime:0.000875s ]

[ 2020-05-30T09:44:45+08:00 ] 172.20.0.1 /Public/Home/js/maps/swiper.jquery.min.js.map
INFO: [ app_init ] --START--
INFO: Run Behavior\BuildLiteBehavior [ RunTime:0.000022s ]
INFO: [ app_init ] --END-- [ RunTime:0.000091s ]
INFO: [ app_begin ] --START--
INFO: Run Behavior\ReadHtmlCacheBehavior [ RunTime:0.000847s ]
INFO: [ app_begin ] --END-- [ RunTime:0.001017s ]
ERR: 无法加载控制器:Public
NOTIC: [2] include(): Filename cannot be empty /data/webroot/www/name/mobile/ThinkPHP/Library/Think/Think.class.php 第 314 行.
NOTIC: [2] include(): Failed opening '' for inclusion (include_path='.:/usr/local/php/lib/php') /data/webroot/www/name/mobile/ThinkPHP/Library/Think/Think.class.php 第 314 行.

[ 2020-05-30T09:44:50+08:00 ] 172.20.0.1 /Public/Wap2/css/default_1.0/calendar.css
INFO: [ app_init ] --START--
INFO: Run Behavior\BuildLiteBehavior [ RunTime:0.000027s ]
INFO: [ app_init ] --END-- [ RunTime:0.000093s ]
INFO: [ app_begin ] --START--
INFO: Run Behavior\ReadHtmlCacheBehavior [ RunTime:0.001309s ]
INFO: [ app_begin ] --END-- [ RunTime:0.001427s ]
ERR: 无法加载控制器:Public
NOTIC: [2] include(): Filename cannot be empty /data/webroot/www/name/mobile/ThinkPHP/Library/Think/Think.class.php 第 314 行.
NOTIC: [2] include(): Failed opening '' for inclusion (include_path='.:/usr/local/php/lib/php') /data/webroot/www/name/mobile/ThinkPHP/Library/Think/Think.class.php 第 314 行.

[ 2020-05-30T09:44:50+08:00 ] 172.20.0.1 /Public/Home/js/maps/swiper.jquery.min.js.map
INFO: [ app_init ] --START--
INFO: Run Behavior\BuildLiteBehavior [ RunTime:0.000023s ]
INFO: [ app_init ] --END-- [ RunTime:0.000099s ]
INFO: [ app_begin ] --START--
INFO: Run Behavior\ReadHtmlCacheBehavior [ RunTime:0.001031s ]
INFO: [ app_begin ] --END-- [ RunTime:0.001117s ]
ERR: 无法加载控制器:Public
NOTIC: [2] include(): Filename cannot be empty /data/webroot/www/name/mobile/ThinkPHP/Library/Think/Think.class.php 第 314 行.
NOTIC: [2] include(): Failed opening '' for inclusion (include_path='.:/usr/local/php/lib/php') /data/webroot/www/name/mobile/ThinkPHP/Library/Think/Think.class.php 第 314 行.

[ 2020-05-30T09:44:50+08:00 ] 172.20.0.1 /Public/states/js/lib/layer/theme/default/layer.css?v=3.1.0
INFO: [ app_init ] --START--
INFO: Run Behavior\BuildLiteBehavior [ RunTime:0.000022s ]
INFO: [ app_init ] --END-- [ RunTime:0.000093s ]
INFO: [ app_begin ] --START--
INFO: Run Behavior\ReadHtmlCacheBehavior [ RunTime:0.002033s ]
INFO: [ app_begin ] --END-- [ RunTime:0.002320s ]
ERR: 无法加载控制器:Public
NOTIC: [2] include(): Filename cannot be empty /data/webroot/www/name/mobile/ThinkPHP/Library/Think/Think.class.php 第 314 行.
NOTIC: [2] include(): Failed opening '' for inclusion (include_path='.:/usr/local/php/lib/php') /data/webroot/www/name/mobile/ThinkPHP/Library/Think/Think.class.php 第 314 行.

[ 2020-05-30T09:44:50+08:00 ] 172.20.0.1 /Public/Wap2/js/default_1.0/wyqm.js?ver1
INFO: [ app_init ] --START--
INFO: Run Behavior\BuildLiteBehavior [ RunTime:0.000022s ]
INFO: [ app_init ] --END-- [ RunTime:0.000087s ]
INFO: [ app_begin ] --START--
INFO: Run Behavior\ReadHtmlCacheBehavior [ RunTime:0.000991s ]
INFO: [ app_begin ] --END-- [ RunTime:0.001073s ]
ERR: 无法加载控制器:Public
NOTIC: [2] include(): Filename cannot be empty /data/webroot/www/name/mobile/ThinkPHP/Library/Think/Think.class.php 第 314 行.
NOTIC: [2] include(): Failed opening '' for inclusion (include_path='.:/usr/local/php/lib/php') /data/webroot/www/name/mobile/ThinkPHP/Library/Think/Think.class.php 第 314 行.

[ 2020-05-30T09:44:50+08:00 ] 172.20.0.1 /text.txt
INFO: [ app_init ] --START--
INFO: Run Behavior\BuildLiteBehavior [ RunTime:0.000021s ]
INFO: [ app_init ] --END-- [ RunTime:0.000088s ]
INFO: [ app_begin ] --START--
INFO: Run Behavior\ReadHtmlCacheBehavior [ RunTime:0.001300s ]
INFO: [ app_begin ] --END-- [ RunTime:0.001401s ]
ERR: 无法加载控制器:Text.txt
NOTIC: [2] include(): Filename cannot be empty /data/webroot/www/name/mobile/ThinkPHP/Library/Think/Think.class.php 第 314 行.
NOTIC: [2] include(): Failed opening '' for inclusion (include_path='.:/usr/local/php/lib/php') /data/webroot/www/name/mobile/ThinkPHP/Library/Think/Think.class.php 第 314 行.

[ 2020-05-30T09:44:53+08:00 ] 172.20.0.1 /order/pchistory.html
INFO: [ app_init ] --START--
INFO: Run Behavior\BuildLiteBehavior [ RunTime:0.000020s ]
INFO: [ app_init ] --END-- [ RunTime:0.000083s ]
INFO: [ app_begin ] --START--
INFO: Run Behavior\ReadHtmlCacheBehavior [ RunTime:0.000846s ]
INFO: [ app_begin ] --END-- [ RunTime:0.001075s ]
INFO: [ view_parse ] --START--
INFO: [ template_filter ] --START--
INFO: Run Behavior\ContentReplaceBehavior [ RunTime:0.000049s ]
INFO: [ template_filter ] --END-- [ RunTime:0.000105s ]
INFO: Run Behavior\ParseTemplateBehavior [ RunTime:0.009880s ]
INFO: [ view_parse ] --END-- [ RunTime:0.009938s ]
INFO: [ view_filter ] --START--
INFO: Run Behavior\WriteHtmlCacheBehavior [ RunTime:0.000578s ]
INFO: [ view_filter ] --END-- [ RunTime:0.000734s ]
INFO: [ app_end ] --START--
INFO: Run Behavior\ShowPageTraceBehavior [ RunTime:0.000962s ]
INFO: [ app_end ] --END-- [ RunTime:0.001025s ]

[ 2020-05-30T09:44:53+08:00 ] 172.20.0.1 /Public/Home/js/maps/swiper.jquery.min.js.map
INFO: [ app_init ] --START--
INFO: Run Behavior\BuildLiteBehavior [ RunTime:0.000020s ]
INFO: [ app_init ] --END-- [ RunTime:0.000083s ]
INFO: [ app_begin ] --START--
INFO: Run Behavior\ReadHtmlCacheBehavior [ RunTime:0.002401s ]
INFO: [ app_begin ] --END-- [ RunTime:0.002532s ]
ERR: 无法加载控制器:Public
NOTIC: [2] include(): Filename cannot be empty /data/webroot/www/name/mobile/ThinkPHP/Library/Think/Think.class.php 第 314 行.
NOTIC: [2] include(): Failed opening '' for inclusion (include_path='.:/usr/local/php/lib/php') /data/webroot/www/name/mobile/ThinkPHP/Library/Think/Think.class.php 第 314 行.

[ 2020-05-30T09:45:01+08:00 ] 172.20.0.1 /Public/Wap2/css/default_1.0/calendar.css
INFO: [ app_init ] --START--
INFO: Run Behavior\BuildLiteBehavior [ RunTime:0.000032s ]
INFO: [ app_init ] --END-- [ RunTime:0.000137s ]
INFO: [ app_begin ] --START--
INFO: Run Behavior\ReadHtmlCacheBehavior [ RunTime:0.001022s ]
INFO: [ app_begin ] --END-- [ RunTime:0.001142s ]
ERR: 无法加载控制器:Public
NOTIC: [2] include(): Filename cannot be empty /data/webroot/www/name/mobile/ThinkPHP/Library/Think/Think.class.php 第 314 行.
NOTIC: [2] include(): Failed opening '' for inclusion (include_path='.:/usr/local/php/lib/php') /data/webroot/www/name/mobile/ThinkPHP/Library/Think/Think.class.php 第 314 行.

[ 2020-05-30T09:45:01+08:00 ] 172.20.0.1 /Public/Home/js/maps/swiper.jquery.min.js.map
INFO: [ app_init ] --START--
INFO: Run Behavior\BuildLiteBehavior [ RunTime:0.000024s ]
INFO: [ app_init ] --END-- [ RunTime:0.000138s ]
INFO: [ app_begin ] --START--
INFO: Run Behavior\ReadHtmlCacheBehavior [ RunTime:0.000871s ]
INFO: [ app_begin ] --END-- [ RunTime:0.000929s ]
ERR: 无法加载控制器:Public
NOTIC: [2] include(): Filename cannot be empty /data/webroot/www/name/mobile/ThinkPHP/Library/Think/Think.class.php 第 314 行.
NOTIC: [2] include(): Failed opening '' for inclusion (include_path='.:/usr/local/php/lib/php') /data/webroot/www/name/mobile/ThinkPHP/Library/Think/Think.class.php 第 314 行.

[ 2020-05-30T09:45:01+08:00 ] 172.20.0.1 /Public/Wap2/js/default_1.0/wyqm.js?ver1
INFO: [ app_init ] --START--
INFO: Run Behavior\BuildLiteBehavior [ RunTime:0.000021s ]
INFO: [ app_init ] --END-- [ RunTime:0.000160s ]
INFO: [ app_begin ] --START--
INFO: Run Behavior\ReadHtmlCacheBehavior [ RunTime:0.002187s ]
INFO: [ app_begin ] --END-- [ RunTime:0.002455s ]
ERR: 无法加载控制器:Public
NOTIC: [2] include(): Filename cannot be empty /data/webroot/www/name/mobile/ThinkPHP/Library/Think/Think.class.php 第 314 行.
NOTIC: [2] include(): Failed opening '' for inclusion (include_path='.:/usr/local/php/lib/php') /data/webroot/www/name/mobile/ThinkPHP/Library/Think/Think.class.php 第 314 行.

[ 2020-05-30T09:45:01+08:00 ] 172.20.0.1 /Public/Wap2/css/default_1.0/calendar.css
INFO: [ app_init ] --START--
INFO: Run Behavior\BuildLiteBehavior [ RunTime:0.000022s ]
INFO: [ app_init ] --END-- [ RunTime:0.000094s ]
INFO: [ app_begin ] --START--
INFO: Run Behavior\ReadHtmlCacheBehavior [ RunTime:0.004054s ]
INFO: [ app_begin ] --END-- [ RunTime:0.004150s ]
ERR: 无法加载控制器:Public
NOTIC: [2] include(): Filename cannot be empty /data/webroot/www/name/mobile/ThinkPHP/Library/Think/Think.class.php 第 314 行.
NOTIC: [2] include(): Failed opening '' for inclusion (include_path='.:/usr/local/php/lib/php') /data/webroot/www/name/mobile/ThinkPHP/Library/Think/Think.class.php 第 314 行.

[ 2020-05-30T09:45:01+08:00 ] 172.20.0.1 /Public/states/js/lib/layer/theme/default/layer.css?v=3.1.0
INFO: [ app_init ] --START--
INFO: Run Behavior\BuildLiteBehavior [ RunTime:0.000096s ]
INFO: [ app_init ] --END-- [ RunTime:0.000266s ]
INFO: [ app_begin ] --START--
INFO: Run Behavior\ReadHtmlCacheBehavior [ RunTime:0.001368s ]
INFO: [ app_begin ] --END-- [ RunTime:0.001485s ]
ERR: 无法加载控制器:Public
NOTIC: [2] include(): Filename cannot be empty /data/webroot/www/name/mobile/ThinkPHP/Library/Think/Think.class.php 第 314 行.
NOTIC: [2] include(): Failed opening '' for inclusion (include_path='.:/usr/local/php/lib/php') /data/webroot/www/name/mobile/ThinkPHP/Library/Think/Think.class.php 第 314 行.

[ 2020-05-30T09:45:01+08:00 ] 172.20.0.1 /Public/Wap2/js/default_1.0/wyqm.js?ver1
INFO: [ app_init ] --START--
INFO: Run Behavior\BuildLiteBehavior [ RunTime:0.000015s ]
INFO: [ app_init ] --END-- [ RunTime:0.000081s ]
INFO: [ app_begin ] --START--
INFO: Run Behavior\ReadHtmlCacheBehavior [ RunTime:0.001727s ]
INFO: [ app_begin ] --END-- [ RunTime:0.001847s ]
ERR: 无法加载控制器:Public
NOTIC: [2] include(): Filename cannot be empty /data/webroot/www/name/mobile/ThinkPHP/Library/Think/Think.class.php 第 314 行.
NOTIC: [2] include(): Failed opening '' for inclusion (include_path='.:/usr/local/php/lib/php') /data/webroot/www/name/mobile/ThinkPHP/Library/Think/Think.class.php 第 314 行.

[ 2020-05-30T09:45:01+08:00 ] 172.20.0.1 /text.txt
INFO: [ app_init ] --START--
INFO: Run Behavior\BuildLiteBehavior [ RunTime:0.000020s ]
INFO: [ app_init ] --END-- [ RunTime:0.000088s ]
INFO: [ app_begin ] --START--
INFO: Run Behavior\ReadHtmlCacheBehavior [ RunTime:0.001261s ]
INFO: [ app_begin ] --END-- [ RunTime:0.001356s ]
ERR: 无法加载控制器:Text.txt
NOTIC: [2] include(): Filename cannot be empty /data/webroot/www/name/mobile/ThinkPHP/Library/Think/Think.class.php 第 314 行.
NOTIC: [2] include(): Failed opening '' for inclusion (include_path='.:/usr/local/php/lib/php') /data/webroot/www/name/mobile/ThinkPHP/Library/Think/Think.class.php 第 314 行.

[ 2020-05-30T09:45:04+08:00 ] 172.20.0.1 /index.php
INFO: [ app_init ] --START--
INFO: Run Behavior\BuildLiteBehavior [ RunTime:0.000019s ]
INFO: [ app_init ] --END-- [ RunTime:0.000076s ]
INFO: [ app_begin ] --START--
INFO: Run Behavior\ReadHtmlCacheBehavior [ RunTime:0.001090s ]
INFO: [ app_begin ] --END-- [ RunTime:0.001137s ]
INFO: [ view_parse ] --START--
INFO: [ template_filter ] --START--
INFO: Run Behavior\ContentReplaceBehavior [ RunTime:0.000171s ]
INFO: [ template_filter ] --END-- [ RunTime:0.000247s ]
INFO: Run Behavior\ParseTemplateBehavior [ RunTime:0.025882s ]
INFO: [ view_parse ] --END-- [ RunTime:0.025992s ]
INFO: [ view_filter ] --START--
INFO: Run Behavior\WriteHtmlCacheBehavior [ RunTime:0.000834s ]
INFO: [ view_filter ] --END-- [ RunTime:0.000887s ]
INFO: [ app_end ] --START--
INFO: Run Behavior\ShowPageTraceBehavior [ RunTime:0.002409s ]
INFO: [ app_end ] --END-- [ RunTime:0.002535s ]

[ 2020-05-30T09:45:04+08:00 ] 172.20.0.1 /Public/Wap2/css/default_1.0/calendar.css
INFO: [ app_init ] --START--
INFO: Run Behavior\BuildLiteBehavior [ RunTime:0.000141s ]
INFO: [ app_init ] --END-- [ RunTime:0.000339s ]
INFO: [ app_begin ] --START--
INFO: Run Behavior\ReadHtmlCacheBehavior [ RunTime:0.001150s ]
INFO: [ app_begin ] --END-- [ RunTime:0.001244s ]
ERR: 无法加载控制器:Public
NOTIC: [2] include(): Filename cannot be empty /data/webroot/www/name/mobile/ThinkPHP/Library/Think/Think.class.php 第 314 行.
NOTIC: [2] include(): Failed opening '' for inclusion (include_path='.:/usr/local/php/lib/php') /data/webroot/www/name/mobile/ThinkPHP/Library/Think/Think.class.php 第 314 行.

[ 2020-05-30T09:45:04+08:00 ] 172.20.0.1 /Public/Home/js/maps/swiper.jquery.min.js.map
INFO: [ app_init ] --START--
INFO: Run Behavior\BuildLiteBehavior [ RunTime:0.000021s ]
INFO: [ app_init ] --END-- [ RunTime:0.000084s ]
INFO: [ app_begin ] --START--
INFO: Run Behavior\ReadHtmlCacheBehavior [ RunTime:0.000807s ]
INFO: [ app_begin ] --END-- [ RunTime:0.000864s ]
ERR: 无法加载控制器:Public
NOTIC: [2] include(): Filename cannot be empty /data/webroot/www/name/mobile/ThinkPHP/Library/Think/Think.class.php 第 314 行.
NOTIC: [2] include(): Failed opening '' for inclusion (include_path='.:/usr/local/php/lib/php') /data/webroot/www/name/mobile/ThinkPHP/Library/Think/Think.class.php 第 314 行.

[ 2020-05-30T09:45:04+08:00 ] 172.20.0.1 /Public/Wap2/images/default_1.0/bbb.png
INFO: [ app_init ] --START--
INFO: Run Behavior\BuildLiteBehavior [ RunTime:0.000027s ]
INFO: [ app_init ] --END-- [ RunTime:0.000115s ]

[ 2020-05-30T09:45:04+08:00 ] 172.20.0.1 /Public/Wap2/images/default_1.0/myorder.png
INFO: [ app_init ] --START--
INFO: Run Behavior\BuildLiteBehavior [ RunTime:0.000102s ]
INFO: [ app_init ] --END-- [ RunTime:0.000167s ]

[ 2020-05-30T09:45:04+08:00 ] 172.20.0.1 /Public/Wap2/images/default_1.0/gb.png
INFO: [ app_init ] --START--
INFO: Run Behavior\BuildLiteBehavior [ RunTime:0.000025s ]
INFO: [ app_init ] --END-- [ RunTime:0.000109s ]

[ 2020-05-30T09:45:05+08:00 ] 172.20.0.1 /Public/Wap2/images/default_3.0/newPieceIcon.png
INFO: [ app_init ] --START--
INFO: Run Behavior\BuildLiteBehavior [ RunTime:0.000022s ]
INFO: [ app_init ] --END-- [ RunTime:0.000087s ]

[ 2020-05-30T09:45:05+08:00 ] 172.20.0.1 /Public/states/js/lib/layer/theme/default/layer.css?v=3.1.0
INFO: [ app_init ] --START--
INFO: Run Behavior\BuildLiteBehavior [ RunTime:0.000021s ]
INFO: [ app_init ] --END-- [ RunTime:0.000201s ]
INFO: [ app_begin ] --START--
INFO: Run Behavior\ReadHtmlCacheBehavior [ RunTime:0.000981s ]
INFO: [ app_begin ] --END-- [ RunTime:0.001040s ]
ERR: 无法加载控制器:Public
NOTIC: [2] include(): Filename cannot be empty /data/webroot/www/name/mobile/ThinkPHP/Library/Think/Think.class.php 第 314 行.
NOTIC: [2] include(): Failed opening '' for inclusion (include_path='.:/usr/local/php/lib/php') /data/webroot/www/name/mobile/ThinkPHP/Library/Think/Think.class.php 第 314 行.

[ 2020-05-30T09:45:05+08:00 ] 172.20.0.1 /Public/Wap2/js/default_1.0/wyqm.js?ver1
INFO: [ app_init ] --START--
INFO: Run Behavior\BuildLiteBehavior [ RunTime:0.000020s ]
INFO: [ app_init ] --END-- [ RunTime:0.000098s ]
INFO: [ app_begin ] --START--
INFO: Run Behavior\ReadHtmlCacheBehavior [ RunTime:0.001059s ]
INFO: [ app_begin ] --END-- [ RunTime:0.001133s ]
ERR: 无法加载控制器:Public
NOTIC: [2] include(): Filename cannot be empty /data/webroot/www/name/mobile/ThinkPHP/Library/Think/Think.class.php 第 314 行.
NOTIC: [2] include(): Failed opening '' for inclusion (include_path='.:/usr/local/php/lib/php') /data/webroot/www/name/mobile/ThinkPHP/Library/Think/Think.class.php 第 314 行.

[ 2020-05-30T09:45:05+08:00 ] 172.20.0.1 /text.txt
INFO: [ app_init ] --START--
INFO: Run Behavior\BuildLiteBehavior [ RunTime:0.000026s ]
INFO: [ app_init ] --END-- [ RunTime:0.000105s ]
INFO: [ app_begin ] --START--
INFO: Run Behavior\ReadHtmlCacheBehavior [ RunTime:0.001181s ]
INFO: [ app_begin ] --END-- [ RunTime:0.001247s ]
ERR: 无法加载控制器:Text.txt
NOTIC: [2] include(): Filename cannot be empty /data/webroot/www/name/mobile/ThinkPHP/Library/Think/Think.class.php 第 314 行.
NOTIC: [2] include(): Failed opening '' for inclusion (include_path='.:/usr/local/php/lib/php') /data/webroot/www/name/mobile/ThinkPHP/Library/Think/Think.class.php 第 314 行.

[ 2020-05-30T09:45:07+08:00 ] 172.20.0.1 /index.php
INFO: [ app_init ] --START--
INFO: Run Behavior\BuildLiteBehavior [ RunTime:0.000020s ]
INFO: [ app_init ] --END-- [ RunTime:0.000084s ]
INFO: [ app_begin ] --START--
INFO: Run Behavior\ReadHtmlCacheBehavior [ RunTime:0.001051s ]
INFO: [ app_begin ] --END-- [ RunTime:0.001117s ]
INFO: [ view_parse ] --START--
INFO: [ template_filter ] --START--
INFO: Run Behavior\ContentReplaceBehavior [ RunTime:0.000166s ]
INFO: [ template_filter ] --END-- [ RunTime:0.000280s ]
INFO: Run Behavior\ParseTemplateBehavior [ RunTime:0.027503s ]
INFO: [ view_parse ] --END-- [ RunTime:0.027568s ]
INFO: [ view_filter ] --START--
INFO: Run Behavior\WriteHtmlCacheBehavior [ RunTime:0.000871s ]
INFO: [ view_filter ] --END-- [ RunTime:0.000919s ]
INFO: [ app_end ] --START--
INFO: Run Behavior\ShowPageTraceBehavior [ RunTime:0.002168s ]
INFO: [ app_end ] --END-- [ RunTime:0.002359s ]

[ 2020-05-30T09:45:07+08:00 ] 172.20.0.1 /Public/Wap2/css/default_1.0/calendar.css
INFO: [ app_init ] --START--
INFO: Run Behavior\BuildLiteBehavior [ RunTime:0.000016s ]
INFO: [ app_init ] --END-- [ RunTime:0.000077s ]
INFO: [ app_begin ] --START--
INFO: Run Behavior\ReadHtmlCacheBehavior [ RunTime:0.001717s ]
INFO: [ app_begin ] --END-- [ RunTime:0.001815s ]
ERR: 无法加载控制器:Public
NOTIC: [2] include(): Filename cannot be empty /data/webroot/www/name/mobile/ThinkPHP/Library/Think/Think.class.php 第 314 行.
NOTIC: [2] include(): Failed opening '' for inclusion (include_path='.:/usr/local/php/lib/php') /data/webroot/www/name/mobile/ThinkPHP/Library/Think/Think.class.php 第 314 行.

[ 2020-05-30T09:45:07+08:00 ] 172.20.0.1 /Public/Home/js/maps/swiper.jquery.min.js.map
INFO: [ app_init ] --START--
INFO: Run Behavior\BuildLiteBehavior [ RunTime:0.000036s ]
INFO: [ app_init ] --END-- [ RunTime:0.000186s ]
INFO: [ app_begin ] --START--
INFO: Run Behavior\ReadHtmlCacheBehavior [ RunTime:0.001063s ]
INFO: [ app_begin ] --END-- [ RunTime:0.001130s ]
ERR: 无法加载控制器:Public
NOTIC: [2] include(): Filename cannot be empty /data/webroot/www/name/mobile/ThinkPHP/Library/Think/Think.class.php 第 314 行.
NOTIC: [2] include(): Failed opening '' for inclusion (include_path='.:/usr/local/php/lib/php') /data/webroot/www/name/mobile/ThinkPHP/Library/Think/Think.class.php 第 314 行.

[ 2020-05-30T09:45:07+08:00 ] 172.20.0.1 /Public/Wap2/images/default_1.0/gb.png
INFO: [ app_init ] --START--
INFO: Run Behavior\BuildLiteBehavior [ RunTime:0.000025s ]
INFO: [ app_init ] --END-- [ RunTime:0.000109s ]

[ 2020-05-30T09:45:07+08:00 ] 172.20.0.1 /Public/Wap2/images/default_1.0/myorder.png
INFO: [ app_init ] --START--
INFO: Run Behavior\BuildLiteBehavior [ RunTime:0.000033s ]
INFO: [ app_init ] --END-- [ RunTime:0.000278s ]

[ 2020-05-30T09:45:07+08:00 ] 172.20.0.1 /Public/Wap2/images/default_1.0/bbb.png
INFO: [ app_init ] --START--
INFO: Run Behavior\BuildLiteBehavior [ RunTime:0.000026s ]
INFO: [ app_init ] --END-- [ RunTime:0.000206s ]

[ 2020-05-30T09:45:07+08:00 ] 172.20.0.1 /Public/Wap2/images/default_3.0/newPieceIcon.png
INFO: [ app_init ] --START--
INFO: Run Behavior\BuildLiteBehavior [ RunTime:0.000014s ]
INFO: [ app_init ] --END-- [ RunTime:0.000073s ]

[ 2020-05-30T09:45:07+08:00 ] 172.20.0.1 /Public/states/js/lib/layer/theme/default/layer.css?v=3.1.0
INFO: [ app_init ] --START--
INFO: Run Behavior\BuildLiteBehavior [ RunTime:0.000019s ]
INFO: [ app_init ] --END-- [ RunTime:0.000084s ]
INFO: [ app_begin ] --START--
INFO: Run Behavior\ReadHtmlCacheBehavior [ RunTime:0.001168s ]
INFO: [ app_begin ] --END-- [ RunTime:0.001259s ]
ERR: 无法加载控制器:Public
NOTIC: [2] include(): Filename cannot be empty /data/webroot/www/name/mobile/ThinkPHP/Library/Think/Think.class.php 第 314 行.
NOTIC: [2] include(): Failed opening '' for inclusion (include_path='.:/usr/local/php/lib/php') /data/webroot/www/name/mobile/ThinkPHP/Library/Think/Think.class.php 第 314 行.

[ 2020-05-30T09:45:08+08:00 ] 172.20.0.1 /Public/Wap2/js/default_1.0/wyqm.js?ver1
INFO: [ app_init ] --START--
INFO: Run Behavior\BuildLiteBehavior [ RunTime:0.000025s ]
INFO: [ app_init ] --END-- [ RunTime:0.000108s ]
INFO: [ app_begin ] --START--
INFO: Run Behavior\ReadHtmlCacheBehavior [ RunTime:0.001019s ]
INFO: [ app_begin ] --END-- [ RunTime:0.001092s ]
ERR: 无法加载控制器:Public
NOTIC: [2] include(): Filename cannot be empty /data/webroot/www/name/mobile/ThinkPHP/Library/Think/Think.class.php 第 314 行.
NOTIC: [2] include(): Failed opening '' for inclusion (include_path='.:/usr/local/php/lib/php') /data/webroot/www/name/mobile/ThinkPHP/Library/Think/Think.class.php 第 314 行.

[ 2020-05-30T09:45:08+08:00 ] 172.20.0.1 /text.txt
INFO: [ app_init ] --START--
INFO: Run Behavior\BuildLiteBehavior [ RunTime:0.000021s ]
INFO: [ app_init ] --END-- [ RunTime:0.000083s ]
INFO: [ app_begin ] --START--
INFO: Run Behavior\ReadHtmlCacheBehavior [ RunTime:0.001373s ]
INFO: [ app_begin ] --END-- [ RunTime:0.001519s ]
ERR: 无法加载控制器:Text.txt
NOTIC: [2] include(): Filename cannot be empty /data/webroot/www/name/mobile/ThinkPHP/Library/Think/Think.class.php 第 314 行.
NOTIC: [2] include(): Failed opening '' for inclusion (include_path='.:/usr/local/php/lib/php') /data/webroot/www/name/mobile/ThinkPHP/Library/Think/Think.class.php 第 314 行.

