[ 2020-05-30T09:44:19+08:00 ] 172.20.0.1 /
INFO: [ app_init ] --START--
INFO: Run Behavior\BuildLiteBehavior [ RunTime:0.000018s ]
INFO: [ app_init ] --END-- [ RunTime:0.000079s ]
INFO: [ app_begin ] --START--
INFO: Run Behavior\ReadHtmlCacheBehavior [ RunTime:0.001574s ]
INFO: [ app_begin ] --END-- [ RunTime:0.001736s ]
INFO: [ view_parse ] --START--
INFO: [ template_filter ] --START--
INFO: Run Behavior\ContentReplaceBehavior [ RunTime:0.000122s ]
INFO: [ template_filter ] --END-- [ RunTime:0.000181s ]
INFO: Run Behavior\ParseTemplateBehavior [ RunTime:0.034690s ]
INFO: [ view_parse ] --END-- [ RunTime:0.034745s ]
INFO: [ view_filter ] --START--
INFO: Run Behavior\WriteHtmlCacheBehavior [ RunTime:0.001162s ]
INFO: [ view_filter ] --END-- [ RunTime:0.001210s ]
INFO: [ app_end ] --START--
INFO: Run Behavior\ShowPageTraceBehavior [ RunTime:0.002018s ]
INFO: [ app_end ] --END-- [ RunTime:0.002072s ]

[ 2020-05-30T09:44:20+08:00 ] 172.20.0.1 /index_files/zqf1991.css
INFO: [ app_init ] --START--
INFO: Run Behavior\BuildLiteBehavior [ RunTime:0.000018s ]
INFO: [ app_init ] --END-- [ RunTime:0.000080s ]
INFO: [ app_begin ] --START--
INFO: Run Behavior\ReadHtmlCacheBehavior [ RunTime:0.001377s ]
INFO: [ app_begin ] --END-- [ RunTime:0.001423s ]
ERR: 无法加载控制器:Index_files
NOTIC: [2] include(): Filename cannot be empty /data/webroot/www/name/pc/ThinkPHP/Library/Think/Think.class.php 第 314 行.
NOTIC: [2] include(): Failed opening '' for inclusion (include_path='.:/usr/local/php/lib/php') /data/webroot/www/name/pc/ThinkPHP/Library/Think/Think.class.php 第 314 行.

[ 2020-05-30T09:44:20+08:00 ] 172.20.0.1 /Public/Home/js/calendar.min.js
INFO: [ app_init ] --START--
INFO: Run Behavior\BuildLiteBehavior [ RunTime:0.000018s ]
INFO: [ app_init ] --END-- [ RunTime:0.000076s ]
INFO: [ app_begin ] --START--
INFO: Run Behavior\ReadHtmlCacheBehavior [ RunTime:0.001752s ]
INFO: [ app_begin ] --END-- [ RunTime:0.001803s ]
ERR: 无法加载控制器:Public
NOTIC: [2] include(): Filename cannot be empty /data/webroot/www/name/pc/ThinkPHP/Library/Think/Think.class.php 第 314 行.
NOTIC: [2] include(): Failed opening '' for inclusion (include_path='.:/usr/local/php/lib/php') /data/webroot/www/name/pc/ThinkPHP/Library/Think/Think.class.php 第 314 行.

[ 2020-05-30T09:44:20+08:00 ] 172.20.0.1 /index_files/img_166.jpg
INFO: [ app_init ] --START--
INFO: Run Behavior\BuildLiteBehavior [ RunTime:0.000012s ]
INFO: [ app_init ] --END-- [ RunTime:0.000068s ]

[ 2020-05-30T09:44:20+08:00 ] 172.20.0.1 /index_files/M3.jpg
INFO: [ app_init ] --START--
INFO: Run Behavior\BuildLiteBehavior [ RunTime:0.000030s ]
INFO: [ app_init ] --END-- [ RunTime:0.000091s ]

[ 2020-05-30T09:44:20+08:00 ] 172.20.0.1 /index_files/M1.jpg
INFO: [ app_init ] --START--
INFO: Run Behavior\BuildLiteBehavior [ RunTime:0.000012s ]
INFO: [ app_init ] --END-- [ RunTime:0.000053s ]

[ 2020-05-30T09:44:20+08:00 ] 172.20.0.1 /index_files/M4.jpg
INFO: [ app_init ] --START--
INFO: Run Behavior\BuildLiteBehavior [ RunTime:0.000013s ]
INFO: [ app_init ] --END-- [ RunTime:0.000063s ]

[ 2020-05-30T09:44:20+08:00 ] 172.20.0.1 /index_files/M2.jpg
INFO: [ app_init ] --START--
INFO: Run Behavior\BuildLiteBehavior [ RunTime:0.000027s ]
INFO: [ app_init ] --END-- [ RunTime:0.000112s ]

[ 2020-05-30T09:44:20+08:00 ] 172.20.0.1 /index_files/M5.jpg
INFO: [ app_init ] --START--
INFO: Run Behavior\BuildLiteBehavior [ RunTime:0.000016s ]
INFO: [ app_init ] --END-- [ RunTime:0.000069s ]

[ 2020-05-30T09:44:20+08:00 ] 172.20.0.1 /index_files/M6.jpg
INFO: [ app_init ] --START--
INFO: Run Behavior\BuildLiteBehavior [ RunTime:0.000013s ]
INFO: [ app_init ] --END-- [ RunTime:0.000191s ]

[ 2020-05-30T09:44:20+08:00 ] 172.20.0.1 /index_files/M7.jpg
INFO: [ app_init ] --START--
INFO: Run Behavior\BuildLiteBehavior [ RunTime:0.000012s ]
INFO: [ app_init ] --END-- [ RunTime:0.000065s ]

[ 2020-05-30T09:44:20+08:00 ] 172.20.0.1 /index_files/M8.jpg
INFO: [ app_init ] --START--
INFO: Run Behavior\BuildLiteBehavior [ RunTime:0.000015s ]
INFO: [ app_init ] --END-- [ RunTime:0.000077s ]

[ 2020-05-30T09:44:20+08:00 ] 172.20.0.1 /index_files/img_ryjb.png
INFO: [ app_init ] --START--
INFO: Run Behavior\BuildLiteBehavior [ RunTime:0.000014s ]
INFO: [ app_init ] --END-- [ RunTime:0.000060s ]

[ 2020-05-30T09:44:21+08:00 ] 172.20.0.1 /index_files/zqf1991.css
INFO: [ app_init ] --START--
INFO: Run Behavior\BuildLiteBehavior [ RunTime:0.000018s ]
INFO: [ app_init ] --END-- [ RunTime:0.000078s ]
INFO: [ app_begin ] --START--
INFO: Run Behavior\ReadHtmlCacheBehavior [ RunTime:0.001001s ]
INFO: [ app_begin ] --END-- [ RunTime:0.001069s ]
ERR: 无法加载控制器:Index_files
NOTIC: [2] include(): Filename cannot be empty /data/webroot/www/name/pc/ThinkPHP/Library/Think/Think.class.php 第 314 行.
NOTIC: [2] include(): Failed opening '' for inclusion (include_path='.:/usr/local/php/lib/php') /data/webroot/www/name/pc/ThinkPHP/Library/Think/Think.class.php 第 314 行.

[ 2020-05-30T09:44:22+08:00 ] 172.20.0.1 /Public/Home/js/calendar.min.js
INFO: [ app_init ] --START--
INFO: Run Behavior\BuildLiteBehavior [ RunTime:0.000026s ]
INFO: [ app_init ] --END-- [ RunTime:0.000115s ]
INFO: [ app_begin ] --START--
INFO: Run Behavior\ReadHtmlCacheBehavior [ RunTime:0.001259s ]
INFO: [ app_begin ] --END-- [ RunTime:0.001344s ]
ERR: 无法加载控制器:Public
NOTIC: [2] include(): Filename cannot be empty /data/webroot/www/name/pc/ThinkPHP/Library/Think/Think.class.php 第 314 行.
NOTIC: [2] include(): Failed opening '' for inclusion (include_path='.:/usr/local/php/lib/php') /data/webroot/www/name/pc/ThinkPHP/Library/Think/Think.class.php 第 314 行.

[ 2020-05-30T09:44:22+08:00 ] 172.20.0.1 /index_files/zqf1991.css
INFO: [ app_init ] --START--
INFO: Run Behavior\BuildLiteBehavior [ RunTime:0.000022s ]
INFO: [ app_init ] --END-- [ RunTime:0.000095s ]
INFO: [ app_begin ] --START--
INFO: Run Behavior\ReadHtmlCacheBehavior [ RunTime:0.001230s ]
INFO: [ app_begin ] --END-- [ RunTime:0.001345s ]
ERR: 无法加载控制器:Index_files
NOTIC: [2] include(): Filename cannot be empty /data/webroot/www/name/pc/ThinkPHP/Library/Think/Think.class.php 第 314 行.
NOTIC: [2] include(): Failed opening '' for inclusion (include_path='.:/usr/local/php/lib/php') /data/webroot/www/name/pc/ThinkPHP/Library/Think/Think.class.php 第 314 行.

[ 2020-05-30T09:44:22+08:00 ] 172.20.0.1 /Public/Home/images/icon.png
INFO: [ app_init ] --START--
INFO: Run Behavior\BuildLiteBehavior [ RunTime:0.000019s ]
INFO: [ app_init ] --END-- [ RunTime:0.000077s ]

